<?xml version="1.0" encoding="UTF-8"?>
<!-- Generated by org.testng.reporters.JUnitReportReporter -->
<testsuite hostname="QT-INBG-LT2007" failures="0" tests="1" name="HybridFramework.SeleniumFrameworkDesign.Standalonetest" time="5.692" errors="0" timestamp="2022-10-18T17:21:01 IST" skipped="0">
  <testcase classname="HybridFramework.SeleniumFrameworkDesign.Standalonetest" name="Demo1" time="5.692"/>
  <system-out/>
</testsuite> <!-- HybridFramework.SeleniumFrameworkDesign.Standalonetest -->
