<?xml version="1.0" encoding="UTF-8"?>
<!-- Generated by org.testng.reporters.JUnitReportReporter -->
<testsuite hostname="QT-INBG-LT2007" failures="0" tests="3" name="HybridFramework.SeleniumFrameworkDesign.SubmitOrder" time="33.235" errors="0" timestamp="2022-10-31T16:40:16 IST" skipped="0">
  <testcase classname="HybridFramework.SeleniumFrameworkDesign.SubmitOrder" name="SubmitOrderTest" time="13.124"/>
  <system-out/>
  <testcase classname="HybridFramework.SeleniumFrameworkDesign.SubmitOrder" name="CartValidationCheck" time="4.777"/>
  <system-out/>
  <testcase classname="HybridFramework.SeleniumFrameworkDesign.SubmitOrder" name="SubmitOrderTest" time="15.334"/>
  <system-out/>
</testsuite> <!-- HybridFramework.SeleniumFrameworkDesign.SubmitOrder -->
