<?xml version="1.0" encoding="UTF-8"?>
<!-- Generated by org.testng.reporters.JUnitReportReporter -->
<testsuite hostname="QT-INBG-LT2007" failures="0" tests="5" name="exceldatadriven.Exceldata" time="0.014" errors="0" timestamp="2022-10-27T13:35:32 IST" skipped="0">
  <testcase classname="exceldatadriven.Exceldata" name="Printdata" time="0.002"/>
  <system-out/>
  <testcase classname="exceldatadriven.Exceldata" name="Printdata" time="0.002"/>
  <system-out/>
  <testcase classname="exceldatadriven.Exceldata" name="Printdata" time="0.001"/>
  <system-out/>
  <testcase classname="exceldatadriven.Exceldata" name="Printdata" time="0.007"/>
  <system-out/>
  <testcase classname="exceldatadriven.Exceldata" name="Printdata" time="0.002"/>
  <system-out/>
</testsuite> <!-- exceldatadriven.Exceldata -->
