<?xml version="1.0" encoding="UTF-8"?>
<!-- Generated by org.testng.reporters.JUnitReportReporter -->
<testsuite hostname="QT-INBG-LT2007" failures="0" tests="1" name="FrameworkPractise.DemoBlaze.AppTest" time="8.120" errors="0" timestamp="2022-11-15T11:07:47 IST" skipped="0">
  <testcase classname="FrameworkPractise.DemoBlaze.AppTest" name="Login" time="8.120"/>
  <system-out/>
</testsuite> <!-- FrameworkPractise.DemoBlaze.AppTest -->
