<?xml version="1.0" encoding="UTF-8"?>
<!-- Generated by org.testng.reporters.JUnitReportReporter -->
<testsuite hostname="QT-INBG-LT2007" failures="0" tests="1" name="FrameworkPractise.DemoBlaze.DemoblazeTest" time="11.177" errors="0" timestamp="2022-11-15T16:37:19 IST" skipped="0">
  <testcase classname="FrameworkPractise.DemoBlaze.DemoblazeTest" name="AddProductToCart" time="11.177"/>
  <system-out/>
</testsuite> <!-- FrameworkPractise.DemoBlaze.DemoblazeTest -->
