<?xml version="1.0" encoding="UTF-8"?>
<!-- Generated by org.testng.reporters.JUnitReportReporter -->
<testsuite hostname="QT-INBG-LT2007" failures="0" tests="1" name="FrameworkPractise.ClockWebReservation.AppTest" time="54.091" errors="0" timestamp="2022-11-23T16:38:58 IST" skipped="0">
  <testcase classname="FrameworkPractise.ClockWebReservation.AppTest" name="Booking" time="54.091"/>
  <system-out/>
</testsuite> <!-- FrameworkPractise.ClockWebReservation.AppTest -->
