<?xml version="1.0" encoding="UTF-8"?>
<!-- Generated by org.testng.reporters.JUnitReportReporter -->
<testsuite hostname="QT-INBG-LT2007" failures="0" tests="1" name="FrameworkPractise.ClockWebReservation.AppTest2" time="53.413" errors="0" timestamp="2022-11-23T13:22:12 IST" skipped="0">
  <testcase classname="FrameworkPractise.ClockWebReservation.AppTest2" name="Booking" time="53.413"/>
  <system-out/>
</testsuite> <!-- FrameworkPractise.ClockWebReservation.AppTest2 -->
