<?xml version="1.0" encoding="UTF-8"?>
<!-- Generated by org.testng.reporters.JUnitReportReporter -->
<testsuite hostname="QT-INBG-LT2007" failures="0" tests="1" name="basicsoftestng.day2" time="0.001" errors="0" timestamp="2022-10-13T19:43:32 IST" skipped="0">
  <testcase classname="basicsoftestng.day2" name="demo2" time="0.001"/>
  <system-out/>
</testsuite> <!-- basicsoftestng.day2 -->
