<?xml version="1.0" encoding="UTF-8"?>
<!-- Generated by org.testng.reporters.JUnitReportReporter -->
<testsuite hostname="QT-INBG-LT2007" failures="0" tests="1" name="basicsoftestng.basics2" time="0.009" errors="0" timestamp="2022-10-13T12:06:08 IST" skipped="0">
  <testcase classname="basicsoftestng.basics2" name="demo2" time="0.009"/>
  <system-out/>
</testsuite> <!-- basicsoftestng.basics2 -->
