<?xml version="1.0" encoding="UTF-8"?>
<!-- Generated by org.testng.reporters.JUnitReportReporter -->
<testsuite hostname="QT-INBG-LT2007" failures="0" tests="6" name="basicsoftestng.day4" time="0.014" errors="0" timestamp="2022-10-13T19:43:32 IST" skipped="2">
  <testcase classname="basicsoftestng.day4" name="WebloginHomeLoan" time="0.003"/>
  <system-out/>
  <testcase classname="basicsoftestng.day4" name="APILoginhomeloan" time="0.007"/>
  <system-out/>
  <testcase classname="basicsoftestng.day4" name="WebloginHomeLoan" time="0.002"/>
  <system-out/>
  <testcase classname="basicsoftestng.day4" name="APILoginhomeloan" time="0.002"/>
  <system-out/>
  <testcase classname="basicsoftestng.day4" name="MobileloginHomeLoan">
    <skipped/>
  </testcase> <!-- MobileloginHomeLoan -->
  <system-out/>
  <testcase classname="basicsoftestng.day4" name="MobileloginHomeLoan">
    <skipped/>
  </testcase> <!-- MobileloginHomeLoan -->
  <system-out/>
</testsuite> <!-- basicsoftestng.day4 -->
