<?xml version="1.0" encoding="UTF-8"?>
<!-- Generated by org.testng.reporters.JUnitReportReporter -->
<testsuite hostname="QT-INBG-LT2007" failures="0" tests="5" name="basicsoftestng.day3" time="0.013" errors="0" timestamp="2022-10-13T19:43:32 IST" skipped="0">
  <testcase classname="basicsoftestng.day3" name="MobileloginCarLoan" time="0.007"/>
  <system-out/>
  <testcase classname="basicsoftestng.day3" name="MobilesigninCarLoan" time="0.001"/>
  <system-out/>
  <testcase classname="basicsoftestng.day3" name="MobilesignoutCarLoan" time="0.004"/>
  <system-out/>
  <testcase classname="basicsoftestng.day3" name="MobilesigninCarLoan" time="0.001"/>
  <system-out/>
  <testcase classname="basicsoftestng.day3" name="MobilesigninCarLoan" time="0.000"/>
  <system-out/>
</testsuite> <!-- basicsoftestng.day3 -->
