<?xml version="1.0" encoding="UTF-8"?>
<!-- Generated by org.testng.reporters.JUnitReportReporter -->
<testsuite hostname="QT-INBG-LT2007" failures="0" tests="1" name="basicsoftestng.basics1" time="0.002" errors="0" timestamp="2022-10-13T12:06:08 IST" skipped="0">
  <testcase classname="basicsoftestng.basics1" name="Demo" time="0.002"/>
  <system-out/>
</testsuite> <!-- basicsoftestng.basics1 -->
