<?xml version="1.0" encoding="UTF-8"?>
<!-- Generated by org.testng.reporters.JUnitReportReporter -->
<testsuite hostname="QT-INBG-LT2007" failures="0" tests="1" name="FrameworkPractise.Practise.AppTest" time="46.574" errors="0" timestamp="2022-11-14T17:39:47 IST" skipped="0">
  <testcase classname="FrameworkPractise.Practise.AppTest" name="OpenCart" time="46.574"/>
  <system-out/>
</testsuite> <!-- FrameworkPractise.Practise.AppTest -->
